0 info it worked if it ends with ok
1 verbose cli [ 'node',
1 verbose cli   '/usr/local/bin/npm',
1 verbose cli   'update',
1 verbose cli   'npm',
1 verbose cli   '-g',
1 verbose cli   '--prefix',
1 verbose cli   '/usr/local' ]
2 info using npm@1.4.9
3 info using node@v0.10.29
4 verbose node symlink /usr/local/bin/node
5 info outdated updating [ [ '/usr/local/lib', 'npm', '1.4.9', '1.4.16', '1.4.16', '*' ],
5 info outdated   [ '/usr/local/lib/node_modules/ionic',
5 info outdated     'npm',
5 info outdated     '1.4.10',
5 info outdated     '1.4.16',
5 info outdated     '1.4.16',
5 info outdated     '^1.4.6' ],
5 info outdated   [ '/usr/local/lib/node_modules/cordova/node_modules/plugman',
5 info outdated     'npm',
5 info outdated     '1.3.4',
5 info outdated     '1.3.4',
5 info outdated     '1.4.16',
5 info outdated     '1.3.4' ],
5 info outdated   [ '/usr/local/lib/node_modules/generator-ionic/node_modules/cordova/node_modules/plugman',
5 info outdated     'npm',
5 info outdated     '1.3.4',
5 info outdated     '1.3.4',
5 info outdated     '1.4.16',
5 info outdated     '1.3.4' ] ]
6 verbose install where,what [ '/usr/local/lib', [ 'npm@1.4.16' ] ]
7 verbose install where,what [ '/usr/local/lib/node_modules/ionic', [ 'npm@1.4.16' ] ]
8 verbose install where,what [ '/usr/local/lib/node_modules/cordova/node_modules/plugman',
8 verbose install   [ 'npm@1.3.4' ] ]
9 verbose install where,what [ '/usr/local/lib/node_modules/generator-ionic/node_modules/cordova/node_modules/plugman',
9 verbose install   [ 'npm@1.3.4' ] ]
10 verbose cache add [ 'npm@1.4.16', null ]
11 verbose cache add name=undefined spec="npm@1.4.16" args=["npm@1.4.16",null]
12 verbose parsed url { protocol: null,
12 verbose parsed url   slashes: null,
12 verbose parsed url   auth: null,
12 verbose parsed url   host: null,
12 verbose parsed url   port: null,
12 verbose parsed url   hostname: null,
12 verbose parsed url   hash: null,
12 verbose parsed url   search: null,
12 verbose parsed url   query: null,
12 verbose parsed url   pathname: 'npm@1.4.16',
12 verbose parsed url   path: 'npm@1.4.16',
12 verbose parsed url   href: 'npm@1.4.16' }
13 verbose cache add name="npm" spec="1.4.16" args=["npm","1.4.16"]
14 verbose parsed url { protocol: null,
14 verbose parsed url   slashes: null,
14 verbose parsed url   auth: null,
14 verbose parsed url   host: null,
14 verbose parsed url   port: null,
14 verbose parsed url   hostname: null,
14 verbose parsed url   hash: null,
14 verbose parsed url   search: null,
14 verbose parsed url   query: null,
14 verbose parsed url   pathname: '1.4.16',
14 verbose parsed url   path: '1.4.16',
14 verbose parsed url   href: '1.4.16' }
15 verbose addNamed [ 'npm', '1.4.16' ]
16 verbose addNamed [ '1.4.16', '1.4.16' ]
17 silly lockFile 989ee2ca-npm-1-4-16 npm@1.4.16
18 verbose lock npm@1.4.16 /Users/cmcnamara87/.npm/989ee2ca-npm-1-4-16.lock
19 info shrinkwrap file "/usr/local/lib/node_modules/generator-ionic/node_modules/cordova/node_modules/plugman/npm-shrinkwrap.json"
20 verbose readDependencies returned deps { 'bplist-parser': '0.0.5',
20 verbose readDependencies returned deps   'dep-graph': '1.1.0',
20 verbose readDependencies returned deps   elementtree: '0.1.5',
20 verbose readDependencies returned deps   glob: '3.2.9',
20 verbose readDependencies returned deps   nopt: '1.0.10',
20 verbose readDependencies returned deps   npm: '1.3.4',
20 verbose readDependencies returned deps   'plist-with-patches': '0.5.1',
20 verbose readDependencies returned deps   q: '0.9.7',
20 verbose readDependencies returned deps   rc: '0.3.0',
20 verbose readDependencies returned deps   request: '2.22.0',
20 verbose readDependencies returned deps   semver: '2.0.11',
20 verbose readDependencies returned deps   shelljs: '0.1.4',
20 verbose readDependencies returned deps   tar: '0.1.19',
20 verbose readDependencies returned deps   underscore: '1.4.4',
20 verbose readDependencies returned deps   xcode: '0.6.6' }
21 verbose cache add [ 'npm@1.3.4', null ]
22 verbose cache add name=undefined spec="npm@1.3.4" args=["npm@1.3.4",null]
23 verbose parsed url { protocol: null,
23 verbose parsed url   slashes: null,
23 verbose parsed url   auth: null,
23 verbose parsed url   host: null,
23 verbose parsed url   port: null,
23 verbose parsed url   hostname: null,
23 verbose parsed url   hash: null,
23 verbose parsed url   search: null,
23 verbose parsed url   query: null,
23 verbose parsed url   pathname: 'npm@1.3.4',
23 verbose parsed url   path: 'npm@1.3.4',
23 verbose parsed url   href: 'npm@1.3.4' }
24 verbose cache add name="npm" spec="1.3.4" args=["npm","1.3.4"]
25 verbose parsed url { protocol: null,
25 verbose parsed url   slashes: null,
25 verbose parsed url   auth: null,
25 verbose parsed url   host: null,
25 verbose parsed url   port: null,
25 verbose parsed url   hostname: null,
25 verbose parsed url   hash: null,
25 verbose parsed url   search: null,
25 verbose parsed url   query: null,
25 verbose parsed url   pathname: '1.3.4',
25 verbose parsed url   path: '1.3.4',
25 verbose parsed url   href: '1.3.4' }
26 verbose addNamed [ 'npm', '1.3.4' ]
27 verbose addNamed [ '1.3.4', '1.3.4' ]
28 silly lockFile 6563a3cc-npm-1-3-4 npm@1.3.4
29 verbose lock npm@1.3.4 /Users/cmcnamara87/.npm/6563a3cc-npm-1-3-4.lock
30 verbose readDependencies using package.json deps
31 verbose cache add [ 'npm@1.4.16', null ]
32 verbose cache add name=undefined spec="npm@1.4.16" args=["npm@1.4.16",null]
33 verbose parsed url { protocol: null,
33 verbose parsed url   slashes: null,
33 verbose parsed url   auth: null,
33 verbose parsed url   host: null,
33 verbose parsed url   port: null,
33 verbose parsed url   hostname: null,
33 verbose parsed url   hash: null,
33 verbose parsed url   search: null,
33 verbose parsed url   query: null,
33 verbose parsed url   pathname: 'npm@1.4.16',
33 verbose parsed url   path: 'npm@1.4.16',
33 verbose parsed url   href: 'npm@1.4.16' }
34 verbose cache add name="npm" spec="1.4.16" args=["npm","1.4.16"]
35 verbose parsed url { protocol: null,
35 verbose parsed url   slashes: null,
35 verbose parsed url   auth: null,
35 verbose parsed url   host: null,
35 verbose parsed url   port: null,
35 verbose parsed url   hostname: null,
35 verbose parsed url   hash: null,
35 verbose parsed url   search: null,
35 verbose parsed url   query: null,
35 verbose parsed url   pathname: '1.4.16',
35 verbose parsed url   path: '1.4.16',
35 verbose parsed url   href: '1.4.16' }
36 verbose addNamed [ 'npm', '1.4.16' ]
37 info shrinkwrap file "/usr/local/lib/node_modules/cordova/node_modules/plugman/npm-shrinkwrap.json"
38 verbose readDependencies returned deps { 'bplist-parser': '0.0.5',
38 verbose readDependencies returned deps   'dep-graph': '1.1.0',
38 verbose readDependencies returned deps   elementtree: '0.1.5',
38 verbose readDependencies returned deps   glob: '3.2.9',
38 verbose readDependencies returned deps   nopt: '1.0.10',
38 verbose readDependencies returned deps   npm: '1.3.4',
38 verbose readDependencies returned deps   'plist-with-patches': '0.5.1',
38 verbose readDependencies returned deps   q: '0.9.7',
38 verbose readDependencies returned deps   rc: '0.3.0',
38 verbose readDependencies returned deps   request: '2.22.0',
38 verbose readDependencies returned deps   semver: '2.0.11',
38 verbose readDependencies returned deps   shelljs: '0.1.4',
38 verbose readDependencies returned deps   tar: '0.1.19',
38 verbose readDependencies returned deps   underscore: '1.4.4',
38 verbose readDependencies returned deps   xcode: '0.6.6' }
39 verbose cache add [ 'npm@1.3.4', null ]
40 verbose cache add name=undefined spec="npm@1.3.4" args=["npm@1.3.4",null]
41 verbose parsed url { protocol: null,
41 verbose parsed url   slashes: null,
41 verbose parsed url   auth: null,
41 verbose parsed url   host: null,
41 verbose parsed url   port: null,
41 verbose parsed url   hostname: null,
41 verbose parsed url   hash: null,
41 verbose parsed url   search: null,
41 verbose parsed url   query: null,
41 verbose parsed url   pathname: 'npm@1.3.4',
41 verbose parsed url   path: 'npm@1.3.4',
41 verbose parsed url   href: 'npm@1.3.4' }
42 verbose cache add name="npm" spec="1.3.4" args=["npm","1.3.4"]
43 verbose parsed url { protocol: null,
43 verbose parsed url   slashes: null,
43 verbose parsed url   auth: null,
43 verbose parsed url   host: null,
43 verbose parsed url   port: null,
43 verbose parsed url   hostname: null,
43 verbose parsed url   hash: null,
43 verbose parsed url   search: null,
43 verbose parsed url   query: null,
43 verbose parsed url   pathname: '1.3.4',
43 verbose parsed url   path: '1.3.4',
43 verbose parsed url   href: '1.3.4' }
44 verbose addNamed [ 'npm', '1.3.4' ]
45 silly lockFile 68239340-try-npmjs-org-npm-npm-1-4-16-tgz https://registry.npmjs.org/npm/-/npm-1.4.16.tgz
46 verbose lock https://registry.npmjs.org/npm/-/npm-1.4.16.tgz /Users/cmcnamara87/.npm/68239340-try-npmjs-org-npm-npm-1-4-16-tgz.lock
47 verbose addRemoteTarball [ 'https://registry.npmjs.org/npm/-/npm-1.4.16.tgz',
47 verbose addRemoteTarball   'e34c28a0cdd1dea942580ebf65660b21e912434f' ]
48 info retry fetch attempt 1 at 15:55:37
49 verbose fetch to= /var/folders/xy/xfhq_1s56sj59790df1y5v500000gn/T/npm-43983-ksjxENJl/1403589337620-0.18776622298173606/tmp.tgz
50 http GET https://registry.npmjs.org/npm/-/npm-1.4.16.tgz
51 silly lockFile 6563a3cc-npm-1-3-4 npm@1.3.4
52 silly lockFile 6563a3cc-npm-1-3-4 npm@1.3.4
53 silly resolved [ { version: '1.3.4',
53 silly resolved     name: 'npm',
53 silly resolved     publishConfig: { 'proprietary-attribs': false },
53 silly resolved     description: 'A package manager for node',
53 silly resolved     keywords: [ 'package manager', 'modules', 'install', 'package.json' ],
53 silly resolved     preferGlobal: true,
53 silly resolved     config: { publishtest: false },
53 silly resolved     homepage: 'https://npmjs.org/doc/',
53 silly resolved     author:
53 silly resolved      { name: 'Isaac Z. Schlueter',
53 silly resolved        email: 'i@izs.me',
53 silly resolved        url: 'http://blog.izs.me' },
53 silly resolved     repository: { type: 'git', url: 'https://github.com/isaacs/npm' },
53 silly resolved     bugs:
53 silly resolved      { url: 'http://github.com/isaacs/npm/issues',
53 silly resolved        email: 'npm-@googlegroups.com' },
53 silly resolved     directories: { doc: './doc', man: './man', lib: './lib', bin: './bin' },
53 silly resolved     main: './lib/npm.js',
53 silly resolved     bin: { npm: './bin/npm-cli.js' },
53 silly resolved     dependencies:
53 silly resolved      { semver: '~2.0.8',
53 silly resolved        ini: '~1.1.0',
53 silly resolved        slide: '~1.1.4',
53 silly resolved        abbrev: '~1.0.4',
53 silly resolved        'graceful-fs': '~2.0.0',
53 silly resolved        minimatch: '~0.2.12',
53 silly resolved        nopt: '~2.1.1',
53 silly resolved        rimraf: '~2.2.0',
53 silly resolved        request: '~2.21.0',
53 silly resolved        which: '1',
53 silly resolved        tar: '~0.1.17',
53 silly resolved        fstream: '~0.1.23',
53 silly resolved        'block-stream': '*',
53 silly resolved        inherits: '1',
53 silly resolved        mkdirp: '~0.3.3',
53 silly resolved        read: '~1.0.4',
53 silly resolved        'lru-cache': '~2.3.0',
53 silly resolved        'node-gyp': '~0.10.6',
53 silly resolved        'fstream-npm': '~0.1.3',
53 silly resolved        'uid-number': '0',
53 silly resolved        archy: '0',
53 silly resolved        chownr: '0',
53 silly resolved        npmlog: '0.0.4',
53 silly resolved        ansi: '~0.1.2',
53 silly resolved        'npm-registry-client': '~0.2.27',
53 silly resolved        'read-package-json': '~1.1.0',
53 silly resolved        'read-installed': '~0.2.2',
53 silly resolved        glob: '~3.2.3',
53 silly resolved        'init-package-json': '0.0.10',
53 silly resolved        osenv: '0',
53 silly resolved        lockfile: '~0.4.0',
53 silly resolved        retry: '~0.6.0',
53 silly resolved        once: '~1.1.1',
53 silly resolved        npmconf: '~0.1.1',
53 silly resolved        opener: '~1.3.0',
53 silly resolved        chmodr: '~0.1.0',
53 silly resolved        'cmd-shim': '~1.1.0',
53 silly resolved        sha: '~1.0.1',
53 silly resolved        editor: '0.0.4',
53 silly resolved        'child-process-close': '~0.1.1',
53 silly resolved        'npm-user-validate': '0.0.3' },
53 silly resolved     bundleDependencies:
53 silly resolved      [ 'semver',
53 silly resolved        'ini',
53 silly resolved        'slide',
53 silly resolved        'abbrev',
53 silly resolved        'graceful-fs',
53 silly resolved        'minimatch',
53 silly resolved        'nopt',
53 silly resolved        'rimraf',
53 silly resolved        'request',
53 silly resolved        'which',
53 silly resolved        'tar',
53 silly resolved        'fstream',
53 silly resolved        'block-stream',
53 silly resolved        'inherits',
53 silly resolved        'mkdirp',
53 silly resolved        'read',
53 silly resolved        'lru-cache',
53 silly resolved        'node-gyp',
53 silly resolved        'fstream-npm',
53 silly resolved        'uid-number',
53 silly resolved        'archy',
53 silly resolved        'chownr',
53 silly resolved        'npmlog',
53 silly resolved        'ansi',
53 silly resolved        'npm-registry-client',
53 silly resolved        'read-package-json',
53 silly resolved        'read-installed',
53 silly resolved        'glob',
53 silly resolved        'init-package-json',
53 silly resolved        'osenv',
53 silly resolved        'lockfile',
53 silly resolved        'retry',
53 silly resolved        'once',
53 silly resolved        'npmconf',
53 silly resolved        'opener',
53 silly resolved        'chmodr',
53 silly resolved        'cmd-shim',
53 silly resolved        'sha',
53 silly resolved        'child-process-close',
53 silly resolved        'editor',
53 silly resolved        'npm-user-validate',
53 silly resolved        'normalize-package-data' ],
53 silly resolved     devDependencies: { ronn: '~0.3.6', tap: '~0.4.0' },
53 silly resolved     engines: { node: '>=0.6', npm: '1' },
53 silly resolved     scripts:
53 silly resolved      { test: 'node ./test/run.js && tap test/tap/*.js',
53 silly resolved        tap: 'tap test/tap/*.js',
53 silly resolved        prepublish: 'node bin/npm-cli.js prune ; rm -rf test/*/*/node_modules ; make -j4 doc',
53 silly resolved        dumpconf: 'env | grep npm | sort | uniq',
53 silly resolved        echo: 'node bin/npm-cli.js' },
53 silly resolved     licenses: [ [Object] ],
53 silly resolved     man:
53 silly resolved      [ '/Users/cmcnamara87/.npm/npm/1.3.4/package/man/man1/npm-README.1',
53 silly resolved        '/Users/cmcnamara87/.npm/npm/1.3.4/package/man/man1/npm-adduser.1',
53 silly resolved        '/Users/cmcnamara87/.npm/npm/1.3.4/package/man/man1/npm-bin.1',
53 silly resolved        '/Users/cmcnamara87/.npm/npm/1.3.4/package/man/man1/npm-bugs.1',
53 silly resolved        '/Users/cmcnamara87/.npm/npm/1.3.4/package/man/man1/npm-build.1',
53 silly resolved        '/Users/cmcnamara87/.npm/npm/1.3.4/package/man/man1/npm-bundle.1',
53 silly resolved        '/Users/cmcnamara87/.npm/npm/1.3.4/package/man/man1/npm-cache.1',
53 silly resolved        '/Users/cmcnamara87/.npm/npm/1.3.4/package/man/man1/npm-completion.1',
53 silly resolved        '/Users/cmcnamara87/.npm/npm/1.3.4/package/man/man1/npm-config.1',
53 silly resolved        '/Users/cmcnamara87/.npm/npm/1.3.4/package/man/man1/npm-dedupe.1',
53 silly resolved        '/Users/cmcnamara87/.npm/npm/1.3.4/package/man/man1/npm-deprecate.1',
53 silly resolved        '/Users/cmcnamara87/.npm/npm/1.3.4/package/man/man1/npm-docs.1',
53 silly resolved        '/Users/cmcnamara87/.npm/npm/1.3.4/package/man/man1/npm-edit.1',
53 silly resolved        '/Users/cmcnamara87/.npm/npm/1.3.4/package/man/man1/npm-explore.1',
53 silly resolved        '/Users/cmcnamara87/.npm/npm/1.3.4/package/man/man1/npm-help-search.1',
53 silly resolved        '/Users/cmcnamara87/.npm/npm/1.3.4/package/man/man1/npm-help.1',
53 silly resolved        '/Users/cmcnamara87/.npm/npm/1.3.4/package/man/man1/npm-init.1',
53 silly resolved        '/Users/cmcnamara87/.npm/npm/1.3.4/package/man/man1/npm-install.1',
53 silly resolved        '/Users/cmcnamara87/.npm/npm/1.3.4/package/man/man1/npm-link.1',
53 silly resolved        '/Users/cmcnamara87/.npm/npm/1.3.4/package/man/man1/npm-ls.1',
53 silly resolved        '/Users/cmcnamara87/.npm/npm/1.3.4/package/man/man1/npm-outdated.1',
53 silly resolved        '/Users/cmcnamara87/.npm/npm/1.3.4/package/man/man1/npm-owner.1',
53 silly resolved        '/Users/cmcnamara87/.npm/npm/1.3.4/package/man/man1/npm-pack.1',
53 silly resolved        '/Users/cmcnamara87/.npm/npm/1.3.4/package/man/man1/npm-prefix.1',
53 silly resolved        '/Users/cmcnamara87/.npm/npm/1.3.4/package/man/man1/npm-prune.1',
53 silly resolved        '/Users/cmcnamara87/.npm/npm/1.3.4/package/man/man1/npm-publish.1',
53 silly resolved        '/Users/cmcnamara87/.npm/npm/1.3.4/package/man/man1/npm-rebuild.1',
53 silly resolved        '/Users/cmcnamara87/.npm/npm/1.3.4/package/man/man1/npm-restart.1',
53 silly resolved        '/Users/cmcnamara87/.npm/npm/1.3.4/package/man/man1/npm-rm.1',
53 silly resolved        '/Users/cmcnamara87/.npm/npm/1.3.4/package/man/man1/npm-root.1',
53 silly resolved        '/Users/cmcnamara87/.npm/npm/1.3.4/package/man/man1/npm-run-script.1',
53 silly resolved        '/Users/cmcnamara87/.npm/npm/1.3.4/package/man/man1/npm-search.1',
53 silly resolved        '/Users/cmcnamara87/.npm/npm/1.3.4/package/man/man1/npm-shrinkwrap.1',
53 silly resolved        '/Users/cmcnamara87/.npm/npm/1.3.4/package/man/man1/npm-star.1',
53 silly resolved        '/Users/cmcnamara87/.npm/npm/1.3.4/package/man/man1/npm-stars.1',
53 silly resolved        '/Users/cmcnamara87/.npm/npm/1.3.4/package/man/man1/npm-start.1',
53 silly resolved        '/Users/cmcnamara87/.npm/npm/1.3.4/package/man/man1/npm-stop.1',
53 silly resolved        '/Users/cmcnamara87/.npm/npm/1.3.4/package/man/man1/npm-submodule.1',
53 silly resolved        '/Users/cmcnamara87/.npm/npm/1.3.4/package/man/man1/npm-tag.1',
53 silly resolved        '/Users/cmcnamara87/.npm/npm/1.3.4/package/man/man1/npm-test.1',
53 silly resolved        '/Users/cmcnamara87/.npm/npm/1.3.4/package/man/man1/npm-uninstall.1',
53 silly resolved        '/Users/cmcnamara87/.npm/npm/1.3.4/package/man/man1/npm-unpublish.1',
53 silly resolved        '/Users/cmcnamara87/.npm/npm/1.3.4/package/man/man1/npm-update.1',
53 silly resolved        '/Users/cmcnamara87/.npm/npm/1.3.4/package/man/man1/npm-version.1',
53 silly resolved        '/Users/cmcnamara87/.npm/npm/1.3.4/package/man/man1/npm-view.1',
53 silly resolved        '/Users/cmcnamara87/.npm/npm/1.3.4/package/man/man1/npm-whoami.1',
53 silly resolved        '/Users/cmcnamara87/.npm/npm/1.3.4/package/man/man1/npm.1',
53 silly resolved        '/Users/cmcnamara87/.npm/npm/1.3.4/package/man/man3/npm-bin.3',
53 silly resolved        '/Users/cmcnamara87/.npm/npm/1.3.4/package/man/man3/npm-bugs.3',
53 silly resolved        '/Users/cmcnamara87/.npm/npm/1.3.4/package/man/man3/npm-commands.3',
53 silly resolved        '/Users/cmcnamara87/.npm/npm/1.3.4/package/man/man3/npm-config.3',
53 silly resolved        '/Users/cmcnamara87/.npm/npm/1.3.4/package/man/man3/npm-deprecate.3',
53 silly resolved        '/Users/cmcnamara87/.npm/npm/1.3.4/package/man/man3/npm-docs.3',
53 silly resolved        '/Users/cmcnamara87/.npm/npm/1.3.4/package/man/man3/npm-edit.3',
53 silly resolved        '/Users/cmcnamara87/.npm/npm/1.3.4/package/man/man3/npm-explore.3',
53 silly resolved        '/Users/cmcnamara87/.npm/npm/1.3.4/package/man/man3/npm-help-search.3',
53 silly resolved        '/Users/cmcnamara87/.npm/npm/1.3.4/package/man/man3/npm-init.3',
53 silly resolved        '/Users/cmcnamara87/.npm/npm/1.3.4/package/man/man3/npm-install.3',
53 silly resolved        '/Users/cmcnamara87/.npm/npm/1.3.4/package/man/man3/npm-link.3',
53 silly resolved        '/Users/cmcnamara87/.npm/npm/1.3.4/package/man/man3/npm-load.3',
53 silly resolved        '/Users/cmcnamara87/.npm/npm/1.3.4/package/man/man3/npm-ls.3',
53 silly resolved        '/Users/cmcnamara87/.npm/npm/1.3.4/package/man/man3/npm-outdated.3',
53 silly resolved        '/Users/cmcnamara87/.npm/npm/1.3.4/package/man/man3/npm-owner.3',
53 silly resolved        '/Users/cmcnamara87/.npm/npm/1.3.4/package/man/man3/npm-pack.3',
53 silly resolved        '/Users/cmcnamara87/.npm/npm/1.3.4/package/man/man3/npm-prefix.3',
53 silly resolved        '/Users/cmcnamara87/.npm/npm/1.3.4/package/man/man3/npm-prune.3',
53 silly resolved        '/Users/cmcnamara87/.npm/npm/1.3.4/package/man/man3/npm-publish.3',
53 silly resolved        '/Users/cmcnamara87/.npm/npm/1.3.4/package/man/man3/npm-rebuild.3',
53 silly resolved        '/Users/cmcnamara87/.npm/npm/1.3.4/package/man/man3/npm-restart.3',
53 silly resolved        '/Users/cmcnamara87/.npm/npm/1.3.4/package/man/man3/npm-root.3',
53 silly resolved        '/Users/cmcnamara87/.npm/npm/1.3.4/package/man/man3/npm-run-script.3',
53 silly resolved        '/Users/cmcnamara87/.npm/npm/1.3.4/package/man/man3/npm-search.3',
53 silly resolved        '/Users/cmcnamara87/.npm/npm/1.3.4/package/man/man3/npm-shrinkwrap.3',
53 silly resolved        '/Users/cmcnamara87/.npm/npm/1.3.4/package/man/man3/npm-start.3',
53 silly resolved        '/Users/cmcnamara87/.npm/npm/1.3.4/package/man/man3/npm-stop.3',
53 silly resolved        '/Users/cmcnamara87/.npm/npm/1.3.4/package/man/man3/npm-submodule.3',
53 silly resolved        '/Users/cmcnamara87/.npm/npm/1.3.4/package/man/man3/npm-tag.3',
53 silly resolved        '/Users/cmcnamara87/.npm/npm/1.3.4/package/man/man3/npm-test.3',
53 silly resolved        '/Users/cmcnamara87/.npm/npm/1.3.4/package/man/man3/npm-uninstall.3',
53 silly resolved        '/Users/cmcnamara87/.npm/npm/1.3.4/package/man/man3/npm-unpublish.3',
53 silly resolved        '/Users/cmcnamara87/.npm/npm/1.3.4/package/man/man3/npm-update.3',
53 silly resolved        '/Users/cmcnamara87/.npm/npm/1.3.4/package/man/man3/npm-version.3',
53 silly resolved        '/Users/cmcnamara87/.npm/npm/1.3.4/package/man/man3/npm-view.3',
53 silly resolved        '/Users/cmcnamara87/.npm/npm/1.3.4/package/man/man3/npm-whoami.3',
53 silly resolved        '/Users/cmcnamara87/.npm/npm/1.3.4/package/man/man3/npm.3',
53 silly resolved        '/Users/cmcnamara87/.npm/npm/1.3.4/package/man/man5/npm-folders.5',
53 silly resolved        '/Users/cmcnamara87/.npm/npm/1.3.4/package/man/man5/npm-global.5',
53 silly resolved        '/Users/cmcnamara87/.npm/npm/1.3.4/package/man/man5/npm-json.5',
53 silly resolved        '/Users/cmcnamara87/.npm/npm/1.3.4/package/man/man5/npmrc.5',
53 silly resolved        '/Users/cmcnamara87/.npm/npm/1.3.4/package/man/man5/package.json.5',
53 silly resolved        '/Users/cmcnamara87/.npm/npm/1.3.4/package/man/man7/npm-coding-style.7',
53 silly resolved        '/Users/cmcnamara87/.npm/npm/1.3.4/package/man/man7/npm-config.7',
53 silly resolved        '/Users/cmcnamara87/.npm/npm/1.3.4/package/man/man7/npm-developers.7',
53 silly resolved        '/Users/cmcnamara87/.npm/npm/1.3.4/package/man/man7/npm-disputes.7',
53 silly resolved        '/Users/cmcnamara87/.npm/npm/1.3.4/package/man/man7/npm-faq.7',
53 silly resolved        '/Users/cmcnamara87/.npm/npm/1.3.4/package/man/man7/npm-index.7',
53 silly resolved        '/Users/cmcnamara87/.npm/npm/1.3.4/package/man/man7/npm-registry.7',
53 silly resolved        '/Users/cmcnamara87/.npm/npm/1.3.4/package/man/man7/npm-scripts.7',
53 silly resolved        '/Users/cmcnamara87/.npm/npm/1.3.4/package/man/man7/removing-npm.7',
53 silly resolved        '/Users/cmcnamara87/.npm/npm/1.3.4/package/man/man7/semver.7' ],
53 silly resolved     contributors:
53 silly resolved      [ [Object],
53 silly resolved        [Object],
53 silly resolved        [Object],
53 silly resolved        [Object],
53 silly resolved        [Object],
53 silly resolved        [Object],
53 silly resolved        [Object],
53 silly resolved        [Object],
53 silly resolved        [Object],
53 silly resolved        [Object],
53 silly resolved        [Object],
53 silly resolved        [Object],
53 silly resolved        [Object],
53 silly resolved        [Object],
53 silly resolved        [Object],
53 silly resolved        [Object],
53 silly resolved        [Object],
53 silly resolved        [Object],
53 silly resolved        [Object],
53 silly resolved        [Object],
53 silly resolved        [Object],
53 silly resolved        [Object],
53 silly resolved        [Object],
53 silly resolved        [Object],
53 silly resolved        [Object],
53 silly resolved        [Object],
53 silly resolved        [Object],
53 silly resolved        [Object],
53 silly resolved        [Object],
53 silly resolved        [Object],
53 silly resolved        [Object],
53 silly resolved        [Object],
53 silly resolved        [Object],
53 silly resolved        [Object],
53 silly resolved        [Object],
53 silly resolved        [Object],
53 silly resolved        [Object],
53 silly resolved        [Object],
53 silly resolved        [Object],
53 silly resolved        [Object],
53 silly resolved        [Object],
53 silly resolved        [Object],
53 silly resolved        [Object],
53 silly resolved        [Object],
53 silly resolved        [Object],
53 silly resolved        [Object],
53 silly resolved        [Object],
53 silly resolved        [Object],
53 silly resolved        [Object],
53 silly resolved        [Object],
53 silly resolved        [Object],
53 silly resolved        [Object],
53 silly resolved        [Object],
53 silly resolved        [Object],
53 silly resolved        [Object],
53 silly resolved        [Object],
53 silly resolved        [Object],
53 silly resolved        [Object],
53 silly resolved        [Object],
53 silly resolved        [Object],
53 silly resolved        [Object],
53 silly resolved        [Object],
53 silly resolved        [Object],
53 silly resolved        [Object],
53 silly resolved        [Object],
53 silly resolved        [Object],
53 silly resolved        [Object],
53 silly resolved        [Object],
53 silly resolved        [Object],
53 silly resolved        [Object],
53 silly resolved        [Object],
53 silly resolved        [Object],
53 silly resolved        [Object],
53 silly resolved        [Object],
53 silly resolved        [Object],
53 silly resolved        [Object],
53 silly resolved        [Object],
53 silly resolved        [Object],
53 silly resolved        [Object],
53 silly resolved        [Object],
53 silly resolved        [Object],
53 silly resolved        [Object],
53 silly resolved        [Object],
53 silly resolved        [Object],
53 silly resolved        [Object],
53 silly resolved        [Object],
53 silly resolved        [Object],
53 silly resolved        [Object],
53 silly resolved        [Object],
53 silly resolved        [Object],
53 silly resolved        [Object] ],
53 silly resolved     readme: 'npm(1) -- node package manager\n==============================\n\n## SYNOPSIS\n\nThis is just enough info to get you up and running.\n\nMuch more info available via `npm help` once it\'s installed.\n\n## IMPORTANT\n\n**You need node v0.8 or higher to run this program.**\n\nTo install an old **and unsupported** version of npm that works on node 0.3\nand prior, clone the git repo and dig through the old tags and branches.\n\n## Super Easy Install\n\nnpm comes with node now.\n\n### Windows Computers\n\nGet the MSI.  npm is in it.\n\n### Apple Macintosh Computers\n\nGet the pkg.  npm is in it.\n\n### Other Sorts of Unices\n\nRun `make install`.  npm will be installed with node.\n\nIf you want a more fancy pants install (a different version, customized\npaths, etc.) then read on.\n\n## Fancy Install (Unix)\n\nThere\'s a pretty robust install script at\n<https://npmjs.org/install.sh>.  You can download that and run it.\n\n### Slightly Fancier\n\nYou can set any npm configuration params with that script:\n\n    npm_config_prefix=/some/path sh install.sh\n\nOr, you can run it in uber-debuggery mode:\n\n    npm_debug=1 sh install.sh\n\n### Even Fancier\n\nGet the code with git.  Use `make` to build the docs and do other stuff.\nIf you plan on hacking on npm, `make link` is your friend.\n\nIf you\'ve got the npm source code, you can also semi-permanently set\narbitrary config keys using the `./configure --key=val ...`, and then\nrun npm commands by doing `node cli.js <cmd> <args>`.  (This is helpful\nfor testing, or running stuff without actually installing npm itself.)\n\n## Fancy Windows Install\n\nYou can download a zip file from <https://npmjs.org/dist/>, and unpack it\nin the same folder where node.exe lives.\n\nIf that\'s not fancy enough for you, then you can fetch the code with\ngit, and mess with it directly.\n\n## Installing on Cygwin\n\nNo.\n\n## Permissions when Using npm to Install Other Stuff\n\n**tl;dr**\n\n* Use `sudo` for greater safety.  Or don\'t, if you prefer not to.\n* npm will downgrade permissions if it\'s root before running any build\n  scripts that package authors specified.\n\n### More details...\n\nAs of version 0.3, it is recommended to run npm as root.\nThis allows npm to change the user identifier to the `nobody` user prior\nto running any package build or test commands.\n\nIf you are not the root user, or if you are on a platform that does not\nsupport uid switching, then npm will not attempt to change the userid.\n\nIf you would like to ensure that npm **always** runs scripts as the\n"nobody" user, and have it fail if it cannot downgrade permissions, then\nset the following configuration param:\n\n    npm config set unsafe-perm false\n\nThis will prevent running in unsafe mode, even as non-root users.\n\n## Uninstalling\n\nSo sad to see you go.\n\n    sudo npm uninstall npm -g\n\nOr, if that fails,\n\n    sudo make uninstall\n\n## More Severe Uninstalling\n\nUsually, the above instructions are sufficient.  That will remove\nnpm, but leave behind anything you\'ve installed.\n\nIf you would like to remove all the packages that you have installed,\nthen you can use the `npm ls` command to find them, and then `npm rm` to\nremove them.\n\nTo remove cruft left behind by npm 0.x, you can use the included\n`clean-old.sh` script file.  You can run it conveniently like this:\n\n    npm explore npm -g -- sh scripts/clean-old.sh\n\nnpm uses two configuration files, one for per-user configs, and another\nfor global (every-user) configs.  You can view them by doing:\n\n    npm config get userconfig   # defaults to ~/.npmrc\n    npm config get globalconfig # defaults to /usr/local/etc/npmrc\n\nUninstalling npm does not remove configuration files by default.  You\nmust remove them yourself manually if you want them gone.  Note that\nthis means that future npm installs will not remember the settings that\nyou have chosen.\n\n## Using npm Programmatically\n\nIf you would like to use npm programmatically, you can do that.\nIt\'s not very well documented, but it *is* rather simple.\n\nMost of the time, unless you actually want to do all the things that\nnpm does, you should try using one of npm\'s dependencies rather than\nusing npm itself, if possible.\n\nEventually, npm will be just a thin cli wrapper around the modules\nthat it depends on, but for now, there are some things that you must\nuse npm itself to do.\n\n    var npm = require("npm")\n    npm.load(myConfigObject, function (er) {\n      if (er) return handlError(er)\n      npm.commands.install(["some", "args"], function (er, data) {\n        if (er) return commandFailed(er)\n        // command succeeded, and data might have some info\n      })\n      npm.on("log", function (message) { .... })\n    })\n\nThe `load` function takes an object hash of the command-line configs.\nThe various `npm.commands.<cmd>` functions take an **array** of\npositional argument **strings**.  The last argument to any\n`npm.commands.<cmd>` function is a callback.  Some commands take other\noptional arguments.  Read the source.\n\nYou cannot set configs individually for any single npm function at this\ntime.  Since `npm` is a singleton, any call to `npm.config.set` will\nchange the value for *all* npm commands in that process.\n\nSee `./bin/npm-cli.js` for an example of pulling config values off of the\ncommand line arguments using nopt.  You may also want to check out `npm\nhelp config` to learn about all the options you can set there.\n\n## More Docs\n\nCheck out the [docs](https://npmjs.org/doc/),\nespecially the [faq](https://npmjs.org/doc/faq.html).\n\nYou can use the `npm help` command to read any of them.\n\nIf you\'re a developer, and you want to use npm to publish your program,\nyou should [read this](https://npmjs.org/doc/developers.html)\n\n## Legal Stuff\n\n"npm" and "the npm registry" are owned by Isaac Z. Schlueter.  All\nrights not explicitly granted in the MIT license are reserved. See the\nincluded LICENSE file for more details.\n\n"Node.js" and "node" are trademarks owned by Joyent, Inc.  npm is not\nofficially part of the Node.js project, and is neither owned by nor\nofficially affiliated with Joyent, Inc.\n\nThe packages in the npm registry are not part of npm itself, and are the\nsole property of their respective maintainers.  While every effort is\nmade to ensure accountability, there is absolutely no guarantee,\nwarrantee, or assertion made as to the quality, fitness for a specific\npurpose, or lack of malice in any given npm package.  Modules\npublished on the npm registry are not affiliated with or endorsed by\nJoyent, Inc., Isaac Z. Schlueter, Ryan Dahl, or the Node.js project.\n\nIf you have a complaint about a package in the npm registry, and cannot\nresolve it with the package owner, please express your concerns to\nIsaac Z. Schlueter at <i@izs.me>.\n\n### In plain english\n\nThis is mine; not my employer\'s, not Node\'s, not Joyent\'s, not Ryan\nDahl\'s.\n\nIf you publish something, it\'s yours, and you are solely accountable\nfor it.  Not me, not Node, not Joyent, not Ryan Dahl.\n\nIf other people publish something, it\'s theirs.  Not mine, not Node\'s,\nnot Joyent\'s, not Ryan Dahl\'s.\n\nYes, you can publish something evil.  It will be removed promptly if\nreported, and we\'ll lose respect for you.  But there is no vetting\nprocess for published modules.\n\nIf this concerns you, inspect the source before using packages.\n\n## BUGS\n\nWhen you find issues, please report them:\n\n* web:\n  <https://github.com/isaacs/npm/issues>\n* email:\n  <npm-@googlegroups.com>\n\nBe sure to include *all* of the output from the npm command that didn\'t work\nas expected.  The `npm-debug.log` file is also helpful to provide.\n\nYou can also look for isaacs in #node.js on irc://irc.freenode.net.  He\nwill no doubt tell you to put the output in a gist or email.\n\n## SEE ALSO\n\n* npm(1)\n* npm-faq(1)\n* npm-help(1)\n* npm-index(1)\n',
53 silly resolved     readmeFilename: 'README.md',
53 silly resolved     _id: 'npm@1.3.4',
53 silly resolved     _shasum: '1dacc91458f2197c362d774d2cbf111680f86ec2',
53 silly resolved     _from: 'npm@1.3.4',
53 silly resolved     _resolved: 'https://registry.npmjs.org/npm/-/npm-1.3.4.tgz' } ]
54 info install npm@1.3.4 into /usr/local/lib/node_modules/generator-ionic/node_modules/cordova/node_modules/plugman
55 info installOne npm@1.3.4
56 silly resolved [ { version: '1.3.4',
56 silly resolved     name: 'npm',
56 silly resolved     publishConfig: { 'proprietary-attribs': false },
56 silly resolved     description: 'A package manager for node',
56 silly resolved     keywords: [ 'package manager', 'modules', 'install', 'package.json' ],
56 silly resolved     preferGlobal: true,
56 silly resolved     config: { publishtest: false },
56 silly resolved     homepage: 'https://npmjs.org/doc/',
56 silly resolved     author:
56 silly resolved      { name: 'Isaac Z. Schlueter',
56 silly resolved        email: 'i@izs.me',
56 silly resolved        url: 'http://blog.izs.me' },
56 silly resolved     repository: { type: 'git', url: 'https://github.com/isaacs/npm' },
56 silly resolved     bugs:
56 silly resolved      { url: 'http://github.com/isaacs/npm/issues',
56 silly resolved        email: 'npm-@googlegroups.com' },
56 silly resolved     directories: { doc: './doc', man: './man', lib: './lib', bin: './bin' },
56 silly resolved     main: './lib/npm.js',
56 silly resolved     bin: { npm: './bin/npm-cli.js' },
56 silly resolved     dependencies:
56 silly resolved      { semver: '~2.0.8',
56 silly resolved        ini: '~1.1.0',
56 silly resolved        slide: '~1.1.4',
56 silly resolved        abbrev: '~1.0.4',
56 silly resolved        'graceful-fs': '~2.0.0',
56 silly resolved        minimatch: '~0.2.12',
56 silly resolved        nopt: '~2.1.1',
56 silly resolved        rimraf: '~2.2.0',
56 silly resolved        request: '~2.21.0',
56 silly resolved        which: '1',
56 silly resolved        tar: '~0.1.17',
56 silly resolved        fstream: '~0.1.23',
56 silly resolved        'block-stream': '*',
56 silly resolved        inherits: '1',
56 silly resolved        mkdirp: '~0.3.3',
56 silly resolved        read: '~1.0.4',
56 silly resolved        'lru-cache': '~2.3.0',
56 silly resolved        'node-gyp': '~0.10.6',
56 silly resolved        'fstream-npm': '~0.1.3',
56 silly resolved        'uid-number': '0',
56 silly resolved        archy: '0',
56 silly resolved        chownr: '0',
56 silly resolved        npmlog: '0.0.4',
56 silly resolved        ansi: '~0.1.2',
56 silly resolved        'npm-registry-client': '~0.2.27',
56 silly resolved        'read-package-json': '~1.1.0',
56 silly resolved        'read-installed': '~0.2.2',
56 silly resolved        glob: '~3.2.3',
56 silly resolved        'init-package-json': '0.0.10',
56 silly resolved        osenv: '0',
56 silly resolved        lockfile: '~0.4.0',
56 silly resolved        retry: '~0.6.0',
56 silly resolved        once: '~1.1.1',
56 silly resolved        npmconf: '~0.1.1',
56 silly resolved        opener: '~1.3.0',
56 silly resolved        chmodr: '~0.1.0',
56 silly resolved        'cmd-shim': '~1.1.0',
56 silly resolved        sha: '~1.0.1',
56 silly resolved        editor: '0.0.4',
56 silly resolved        'child-process-close': '~0.1.1',
56 silly resolved        'npm-user-validate': '0.0.3' },
56 silly resolved     bundleDependencies:
56 silly resolved      [ 'semver',
56 silly resolved        'ini',
56 silly resolved        'slide',
56 silly resolved        'abbrev',
56 silly resolved        'graceful-fs',
56 silly resolved        'minimatch',
56 silly resolved        'nopt',
56 silly resolved        'rimraf',
56 silly resolved        'request',
56 silly resolved        'which',
56 silly resolved        'tar',
56 silly resolved        'fstream',
56 silly resolved        'block-stream',
56 silly resolved        'inherits',
56 silly resolved        'mkdirp',
56 silly resolved        'read',
56 silly resolved        'lru-cache',
56 silly resolved        'node-gyp',
56 silly resolved        'fstream-npm',
56 silly resolved        'uid-number',
56 silly resolved        'archy',
56 silly resolved        'chownr',
56 silly resolved        'npmlog',
56 silly resolved        'ansi',
56 silly resolved        'npm-registry-client',
56 silly resolved        'read-package-json',
56 silly resolved        'read-installed',
56 silly resolved        'glob',
56 silly resolved        'init-package-json',
56 silly resolved        'osenv',
56 silly resolved        'lockfile',
56 silly resolved        'retry',
56 silly resolved        'once',
56 silly resolved        'npmconf',
56 silly resolved        'opener',
56 silly resolved        'chmodr',
56 silly resolved        'cmd-shim',
56 silly resolved        'sha',
56 silly resolved        'child-process-close',
56 silly resolved        'editor',
56 silly resolved        'npm-user-validate',
56 silly resolved        'normalize-package-data' ],
56 silly resolved     devDependencies: { ronn: '~0.3.6', tap: '~0.4.0' },
56 silly resolved     engines: { node: '>=0.6', npm: '1' },
56 silly resolved     scripts:
56 silly resolved      { test: 'node ./test/run.js && tap test/tap/*.js',
56 silly resolved        tap: 'tap test/tap/*.js',
56 silly resolved        prepublish: 'node bin/npm-cli.js prune ; rm -rf test/*/*/node_modules ; make -j4 doc',
56 silly resolved        dumpconf: 'env | grep npm | sort | uniq',
56 silly resolved        echo: 'node bin/npm-cli.js' },
56 silly resolved     licenses: [ [Object] ],
56 silly resolved     man:
56 silly resolved      [ '/Users/cmcnamara87/.npm/npm/1.3.4/package/man/man1/npm-README.1',
56 silly resolved        '/Users/cmcnamara87/.npm/npm/1.3.4/package/man/man1/npm-adduser.1',
56 silly resolved        '/Users/cmcnamara87/.npm/npm/1.3.4/package/man/man1/npm-bin.1',
56 silly resolved        '/Users/cmcnamara87/.npm/npm/1.3.4/package/man/man1/npm-bugs.1',
56 silly resolved        '/Users/cmcnamara87/.npm/npm/1.3.4/package/man/man1/npm-build.1',
56 silly resolved        '/Users/cmcnamara87/.npm/npm/1.3.4/package/man/man1/npm-bundle.1',
56 silly resolved        '/Users/cmcnamara87/.npm/npm/1.3.4/package/man/man1/npm-cache.1',
56 silly resolved        '/Users/cmcnamara87/.npm/npm/1.3.4/package/man/man1/npm-completion.1',
56 silly resolved        '/Users/cmcnamara87/.npm/npm/1.3.4/package/man/man1/npm-config.1',
56 silly resolved        '/Users/cmcnamara87/.npm/npm/1.3.4/package/man/man1/npm-dedupe.1',
56 silly resolved        '/Users/cmcnamara87/.npm/npm/1.3.4/package/man/man1/npm-deprecate.1',
56 silly resolved        '/Users/cmcnamara87/.npm/npm/1.3.4/package/man/man1/npm-docs.1',
56 silly resolved        '/Users/cmcnamara87/.npm/npm/1.3.4/package/man/man1/npm-edit.1',
56 silly resolved        '/Users/cmcnamara87/.npm/npm/1.3.4/package/man/man1/npm-explore.1',
56 silly resolved        '/Users/cmcnamara87/.npm/npm/1.3.4/package/man/man1/npm-help-search.1',
56 silly resolved        '/Users/cmcnamara87/.npm/npm/1.3.4/package/man/man1/npm-help.1',
56 silly resolved        '/Users/cmcnamara87/.npm/npm/1.3.4/package/man/man1/npm-init.1',
56 silly resolved        '/Users/cmcnamara87/.npm/npm/1.3.4/package/man/man1/npm-install.1',
56 silly resolved        '/Users/cmcnamara87/.npm/npm/1.3.4/package/man/man1/npm-link.1',
56 silly resolved        '/Users/cmcnamara87/.npm/npm/1.3.4/package/man/man1/npm-ls.1',
56 silly resolved        '/Users/cmcnamara87/.npm/npm/1.3.4/package/man/man1/npm-outdated.1',
56 silly resolved        '/Users/cmcnamara87/.npm/npm/1.3.4/package/man/man1/npm-owner.1',
56 silly resolved        '/Users/cmcnamara87/.npm/npm/1.3.4/package/man/man1/npm-pack.1',
56 silly resolved        '/Users/cmcnamara87/.npm/npm/1.3.4/package/man/man1/npm-prefix.1',
56 silly resolved        '/Users/cmcnamara87/.npm/npm/1.3.4/package/man/man1/npm-prune.1',
56 silly resolved        '/Users/cmcnamara87/.npm/npm/1.3.4/package/man/man1/npm-publish.1',
56 silly resolved        '/Users/cmcnamara87/.npm/npm/1.3.4/package/man/man1/npm-rebuild.1',
56 silly resolved        '/Users/cmcnamara87/.npm/npm/1.3.4/package/man/man1/npm-restart.1',
56 silly resolved        '/Users/cmcnamara87/.npm/npm/1.3.4/package/man/man1/npm-rm.1',
56 silly resolved        '/Users/cmcnamara87/.npm/npm/1.3.4/package/man/man1/npm-root.1',
56 silly resolved        '/Users/cmcnamara87/.npm/npm/1.3.4/package/man/man1/npm-run-script.1',
56 silly resolved        '/Users/cmcnamara87/.npm/npm/1.3.4/package/man/man1/npm-search.1',
56 silly resolved        '/Users/cmcnamara87/.npm/npm/1.3.4/package/man/man1/npm-shrinkwrap.1',
56 silly resolved        '/Users/cmcnamara87/.npm/npm/1.3.4/package/man/man1/npm-star.1',
56 silly resolved        '/Users/cmcnamara87/.npm/npm/1.3.4/package/man/man1/npm-stars.1',
56 silly resolved        '/Users/cmcnamara87/.npm/npm/1.3.4/package/man/man1/npm-start.1',
56 silly resolved        '/Users/cmcnamara87/.npm/npm/1.3.4/package/man/man1/npm-stop.1',
56 silly resolved        '/Users/cmcnamara87/.npm/npm/1.3.4/package/man/man1/npm-submodule.1',
56 silly resolved        '/Users/cmcnamara87/.npm/npm/1.3.4/package/man/man1/npm-tag.1',
56 silly resolved        '/Users/cmcnamara87/.npm/npm/1.3.4/package/man/man1/npm-test.1',
56 silly resolved        '/Users/cmcnamara87/.npm/npm/1.3.4/package/man/man1/npm-uninstall.1',
56 silly resolved        '/Users/cmcnamara87/.npm/npm/1.3.4/package/man/man1/npm-unpublish.1',
56 silly resolved        '/Users/cmcnamara87/.npm/npm/1.3.4/package/man/man1/npm-update.1',
56 silly resolved        '/Users/cmcnamara87/.npm/npm/1.3.4/package/man/man1/npm-version.1',
56 silly resolved        '/Users/cmcnamara87/.npm/npm/1.3.4/package/man/man1/npm-view.1',
56 silly resolved        '/Users/cmcnamara87/.npm/npm/1.3.4/package/man/man1/npm-whoami.1',
56 silly resolved        '/Users/cmcnamara87/.npm/npm/1.3.4/package/man/man1/npm.1',
56 silly resolved        '/Users/cmcnamara87/.npm/npm/1.3.4/package/man/man3/npm-bin.3',
56 silly resolved        '/Users/cmcnamara87/.npm/npm/1.3.4/package/man/man3/npm-bugs.3',
56 silly resolved        '/Users/cmcnamara87/.npm/npm/1.3.4/package/man/man3/npm-commands.3',
56 silly resolved        '/Users/cmcnamara87/.npm/npm/1.3.4/package/man/man3/npm-config.3',
56 silly resolved        '/Users/cmcnamara87/.npm/npm/1.3.4/package/man/man3/npm-deprecate.3',
56 silly resolved        '/Users/cmcnamara87/.npm/npm/1.3.4/package/man/man3/npm-docs.3',
56 silly resolved        '/Users/cmcnamara87/.npm/npm/1.3.4/package/man/man3/npm-edit.3',
56 silly resolved        '/Users/cmcnamara87/.npm/npm/1.3.4/package/man/man3/npm-explore.3',
56 silly resolved        '/Users/cmcnamara87/.npm/npm/1.3.4/package/man/man3/npm-help-search.3',
56 silly resolved        '/Users/cmcnamara87/.npm/npm/1.3.4/package/man/man3/npm-init.3',
56 silly resolved        '/Users/cmcnamara87/.npm/npm/1.3.4/package/man/man3/npm-install.3',
56 silly resolved        '/Users/cmcnamara87/.npm/npm/1.3.4/package/man/man3/npm-link.3',
56 silly resolved        '/Users/cmcnamara87/.npm/npm/1.3.4/package/man/man3/npm-load.3',
56 silly resolved        '/Users/cmcnamara87/.npm/npm/1.3.4/package/man/man3/npm-ls.3',
56 silly resolved        '/Users/cmcnamara87/.npm/npm/1.3.4/package/man/man3/npm-outdated.3',
56 silly resolved        '/Users/cmcnamara87/.npm/npm/1.3.4/package/man/man3/npm-owner.3',
56 silly resolved        '/Users/cmcnamara87/.npm/npm/1.3.4/package/man/man3/npm-pack.3',
56 silly resolved        '/Users/cmcnamara87/.npm/npm/1.3.4/package/man/man3/npm-prefix.3',
56 silly resolved        '/Users/cmcnamara87/.npm/npm/1.3.4/package/man/man3/npm-prune.3',
56 silly resolved        '/Users/cmcnamara87/.npm/npm/1.3.4/package/man/man3/npm-publish.3',
56 silly resolved        '/Users/cmcnamara87/.npm/npm/1.3.4/package/man/man3/npm-rebuild.3',
56 silly resolved        '/Users/cmcnamara87/.npm/npm/1.3.4/package/man/man3/npm-restart.3',
56 silly resolved        '/Users/cmcnamara87/.npm/npm/1.3.4/package/man/man3/npm-root.3',
56 silly resolved        '/Users/cmcnamara87/.npm/npm/1.3.4/package/man/man3/npm-run-script.3',
56 silly resolved        '/Users/cmcnamara87/.npm/npm/1.3.4/package/man/man3/npm-search.3',
56 silly resolved        '/Users/cmcnamara87/.npm/npm/1.3.4/package/man/man3/npm-shrinkwrap.3',
56 silly resolved        '/Users/cmcnamara87/.npm/npm/1.3.4/package/man/man3/npm-start.3',
56 silly resolved        '/Users/cmcnamara87/.npm/npm/1.3.4/package/man/man3/npm-stop.3',
56 silly resolved        '/Users/cmcnamara87/.npm/npm/1.3.4/package/man/man3/npm-submodule.3',
56 silly resolved        '/Users/cmcnamara87/.npm/npm/1.3.4/package/man/man3/npm-tag.3',
56 silly resolved        '/Users/cmcnamara87/.npm/npm/1.3.4/package/man/man3/npm-test.3',
56 silly resolved        '/Users/cmcnamara87/.npm/npm/1.3.4/package/man/man3/npm-uninstall.3',
56 silly resolved        '/Users/cmcnamara87/.npm/npm/1.3.4/package/man/man3/npm-unpublish.3',
56 silly resolved        '/Users/cmcnamara87/.npm/npm/1.3.4/package/man/man3/npm-update.3',
56 silly resolved        '/Users/cmcnamara87/.npm/npm/1.3.4/package/man/man3/npm-version.3',
56 silly resolved        '/Users/cmcnamara87/.npm/npm/1.3.4/package/man/man3/npm-view.3',
56 silly resolved        '/Users/cmcnamara87/.npm/npm/1.3.4/package/man/man3/npm-whoami.3',
56 silly resolved        '/Users/cmcnamara87/.npm/npm/1.3.4/package/man/man3/npm.3',
56 silly resolved        '/Users/cmcnamara87/.npm/npm/1.3.4/package/man/man5/npm-folders.5',
56 silly resolved        '/Users/cmcnamara87/.npm/npm/1.3.4/package/man/man5/npm-global.5',
56 silly resolved        '/Users/cmcnamara87/.npm/npm/1.3.4/package/man/man5/npm-json.5',
56 silly resolved        '/Users/cmcnamara87/.npm/npm/1.3.4/package/man/man5/npmrc.5',
56 silly resolved        '/Users/cmcnamara87/.npm/npm/1.3.4/package/man/man5/package.json.5',
56 silly resolved        '/Users/cmcnamara87/.npm/npm/1.3.4/package/man/man7/npm-coding-style.7',
56 silly resolved        '/Users/cmcnamara87/.npm/npm/1.3.4/package/man/man7/npm-config.7',
56 silly resolved        '/Users/cmcnamara87/.npm/npm/1.3.4/package/man/man7/npm-developers.7',
56 silly resolved        '/Users/cmcnamara87/.npm/npm/1.3.4/package/man/man7/npm-disputes.7',
56 silly resolved        '/Users/cmcnamara87/.npm/npm/1.3.4/package/man/man7/npm-faq.7',
56 silly resolved        '/Users/cmcnamara87/.npm/npm/1.3.4/package/man/man7/npm-index.7',
56 silly resolved        '/Users/cmcnamara87/.npm/npm/1.3.4/package/man/man7/npm-registry.7',
56 silly resolved        '/Users/cmcnamara87/.npm/npm/1.3.4/package/man/man7/npm-scripts.7',
56 silly resolved        '/Users/cmcnamara87/.npm/npm/1.3.4/package/man/man7/removing-npm.7',
56 silly resolved        '/Users/cmcnamara87/.npm/npm/1.3.4/package/man/man7/semver.7' ],
56 silly resolved     contributors:
56 silly resolved      [ [Object],
56 silly resolved        [Object],
56 silly resolved        [Object],
56 silly resolved        [Object],
56 silly resolved        [Object],
56 silly resolved        [Object],
56 silly resolved        [Object],
56 silly resolved        [Object],
56 silly resolved        [Object],
56 silly resolved        [Object],
56 silly resolved        [Object],
56 silly resolved        [Object],
56 silly resolved        [Object],
56 silly resolved        [Object],
56 silly resolved        [Object],
56 silly resolved        [Object],
56 silly resolved        [Object],
56 silly resolved        [Object],
56 silly resolved        [Object],
56 silly resolved        [Object],
56 silly resolved        [Object],
56 silly resolved        [Object],
56 silly resolved        [Object],
56 silly resolved        [Object],
56 silly resolved        [Object],
56 silly resolved        [Object],
56 silly resolved        [Object],
56 silly resolved        [Object],
56 silly resolved        [Object],
56 silly resolved        [Object],
56 silly resolved        [Object],
56 silly resolved        [Object],
56 silly resolved        [Object],
56 silly resolved        [Object],
56 silly resolved        [Object],
56 silly resolved        [Object],
56 silly resolved        [Object],
56 silly resolved        [Object],
56 silly resolved        [Object],
56 silly resolved        [Object],
56 silly resolved        [Object],
56 silly resolved        [Object],
56 silly resolved        [Object],
56 silly resolved        [Object],
56 silly resolved        [Object],
56 silly resolved        [Object],
56 silly resolved        [Object],
56 silly resolved        [Object],
56 silly resolved        [Object],
56 silly resolved        [Object],
56 silly resolved        [Object],
56 silly resolved        [Object],
56 silly resolved        [Object],
56 silly resolved        [Object],
56 silly resolved        [Object],
56 silly resolved        [Object],
56 silly resolved        [Object],
56 silly resolved        [Object],
56 silly resolved        [Object],
56 silly resolved        [Object],
56 silly resolved        [Object],
56 silly resolved        [Object],
56 silly resolved        [Object],
56 silly resolved        [Object],
56 silly resolved        [Object],
56 silly resolved        [Object],
56 silly resolved        [Object],
56 silly resolved        [Object],
56 silly resolved        [Object],
56 silly resolved        [Object],
56 silly resolved        [Object],
56 silly resolved        [Object],
56 silly resolved        [Object],
56 silly resolved        [Object],
56 silly resolved        [Object],
56 silly resolved        [Object],
56 silly resolved        [Object],
56 silly resolved        [Object],
56 silly resolved        [Object],
56 silly resolved        [Object],
56 silly resolved        [Object],
56 silly resolved        [Object],
56 silly resolved        [Object],
56 silly resolved        [Object],
56 silly resolved        [Object],
56 silly resolved        [Object],
56 silly resolved        [Object],
56 silly resolved        [Object],
56 silly resolved        [Object],
56 silly resolved        [Object],
56 silly resolved        [Object] ],
56 silly resolved     readme: 'npm(1) -- node package manager\n==============================\n\n## SYNOPSIS\n\nThis is just enough info to get you up and running.\n\nMuch more info available via `npm help` once it\'s installed.\n\n## IMPORTANT\n\n**You need node v0.8 or higher to run this program.**\n\nTo install an old **and unsupported** version of npm that works on node 0.3\nand prior, clone the git repo and dig through the old tags and branches.\n\n## Super Easy Install\n\nnpm comes with node now.\n\n### Windows Computers\n\nGet the MSI.  npm is in it.\n\n### Apple Macintosh Computers\n\nGet the pkg.  npm is in it.\n\n### Other Sorts of Unices\n\nRun `make install`.  npm will be installed with node.\n\nIf you want a more fancy pants install (a different version, customized\npaths, etc.) then read on.\n\n## Fancy Install (Unix)\n\nThere\'s a pretty robust install script at\n<https://npmjs.org/install.sh>.  You can download that and run it.\n\n### Slightly Fancier\n\nYou can set any npm configuration params with that script:\n\n    npm_config_prefix=/some/path sh install.sh\n\nOr, you can run it in uber-debuggery mode:\n\n    npm_debug=1 sh install.sh\n\n### Even Fancier\n\nGet the code with git.  Use `make` to build the docs and do other stuff.\nIf you plan on hacking on npm, `make link` is your friend.\n\nIf you\'ve got the npm source code, you can also semi-permanently set\narbitrary config keys using the `./configure --key=val ...`, and then\nrun npm commands by doing `node cli.js <cmd> <args>`.  (This is helpful\nfor testing, or running stuff without actually installing npm itself.)\n\n## Fancy Windows Install\n\nYou can download a zip file from <https://npmjs.org/dist/>, and unpack it\nin the same folder where node.exe lives.\n\nIf that\'s not fancy enough for you, then you can fetch the code with\ngit, and mess with it directly.\n\n## Installing on Cygwin\n\nNo.\n\n## Permissions when Using npm to Install Other Stuff\n\n**tl;dr**\n\n* Use `sudo` for greater safety.  Or don\'t, if you prefer not to.\n* npm will downgrade permissions if it\'s root before running any build\n  scripts that package authors specified.\n\n### More details...\n\nAs of version 0.3, it is recommended to run npm as root.\nThis allows npm to change the user identifier to the `nobody` user prior\nto running any package build or test commands.\n\nIf you are not the root user, or if you are on a platform that does not\nsupport uid switching, then npm will not attempt to change the userid.\n\nIf you would like to ensure that npm **always** runs scripts as the\n"nobody" user, and have it fail if it cannot downgrade permissions, then\nset the following configuration param:\n\n    npm config set unsafe-perm false\n\nThis will prevent running in unsafe mode, even as non-root users.\n\n## Uninstalling\n\nSo sad to see you go.\n\n    sudo npm uninstall npm -g\n\nOr, if that fails,\n\n    sudo make uninstall\n\n## More Severe Uninstalling\n\nUsually, the above instructions are sufficient.  That will remove\nnpm, but leave behind anything you\'ve installed.\n\nIf you would like to remove all the packages that you have installed,\nthen you can use the `npm ls` command to find them, and then `npm rm` to\nremove them.\n\nTo remove cruft left behind by npm 0.x, you can use the included\n`clean-old.sh` script file.  You can run it conveniently like this:\n\n    npm explore npm -g -- sh scripts/clean-old.sh\n\nnpm uses two configuration files, one for per-user configs, and another\nfor global (every-user) configs.  You can view them by doing:\n\n    npm config get userconfig   # defaults to ~/.npmrc\n    npm config get globalconfig # defaults to /usr/local/etc/npmrc\n\nUninstalling npm does not remove configuration files by default.  You\nmust remove them yourself manually if you want them gone.  Note that\nthis means that future npm installs will not remember the settings that\nyou have chosen.\n\n## Using npm Programmatically\n\nIf you would like to use npm programmatically, you can do that.\nIt\'s not very well documented, but it *is* rather simple.\n\nMost of the time, unless you actually want to do all the things that\nnpm does, you should try using one of npm\'s dependencies rather than\nusing npm itself, if possible.\n\nEventually, npm will be just a thin cli wrapper around the modules\nthat it depends on, but for now, there are some things that you must\nuse npm itself to do.\n\n    var npm = require("npm")\n    npm.load(myConfigObject, function (er) {\n      if (er) return handlError(er)\n      npm.commands.install(["some", "args"], function (er, data) {\n        if (er) return commandFailed(er)\n        // command succeeded, and data might have some info\n      })\n      npm.on("log", function (message) { .... })\n    })\n\nThe `load` function takes an object hash of the command-line configs.\nThe various `npm.commands.<cmd>` functions take an **array** of\npositional argument **strings**.  The last argument to any\n`npm.commands.<cmd>` function is a callback.  Some commands take other\noptional arguments.  Read the source.\n\nYou cannot set configs individually for any single npm function at this\ntime.  Since `npm` is a singleton, any call to `npm.config.set` will\nchange the value for *all* npm commands in that process.\n\nSee `./bin/npm-cli.js` for an example of pulling config values off of the\ncommand line arguments using nopt.  You may also want to check out `npm\nhelp config` to learn about all the options you can set there.\n\n## More Docs\n\nCheck out the [docs](https://npmjs.org/doc/),\nespecially the [faq](https://npmjs.org/doc/faq.html).\n\nYou can use the `npm help` command to read any of them.\n\nIf you\'re a developer, and you want to use npm to publish your program,\nyou should [read this](https://npmjs.org/doc/developers.html)\n\n## Legal Stuff\n\n"npm" and "the npm registry" are owned by Isaac Z. Schlueter.  All\nrights not explicitly granted in the MIT license are reserved. See the\nincluded LICENSE file for more details.\n\n"Node.js" and "node" are trademarks owned by Joyent, Inc.  npm is not\nofficially part of the Node.js project, and is neither owned by nor\nofficially affiliated with Joyent, Inc.\n\nThe packages in the npm registry are not part of npm itself, and are the\nsole property of their respective maintainers.  While every effort is\nmade to ensure accountability, there is absolutely no guarantee,\nwarrantee, or assertion made as to the quality, fitness for a specific\npurpose, or lack of malice in any given npm package.  Modules\npublished on the npm registry are not affiliated with or endorsed by\nJoyent, Inc., Isaac Z. Schlueter, Ryan Dahl, or the Node.js project.\n\nIf you have a complaint about a package in the npm registry, and cannot\nresolve it with the package owner, please express your concerns to\nIsaac Z. Schlueter at <i@izs.me>.\n\n### In plain english\n\nThis is mine; not my employer\'s, not Node\'s, not Joyent\'s, not Ryan\nDahl\'s.\n\nIf you publish something, it\'s yours, and you are solely accountable\nfor it.  Not me, not Node, not Joyent, not Ryan Dahl.\n\nIf other people publish something, it\'s theirs.  Not mine, not Node\'s,\nnot Joyent\'s, not Ryan Dahl\'s.\n\nYes, you can publish something evil.  It will be removed promptly if\nreported, and we\'ll lose respect for you.  But there is no vetting\nprocess for published modules.\n\nIf this concerns you, inspect the source before using packages.\n\n## BUGS\n\nWhen you find issues, please report them:\n\n* web:\n  <https://github.com/isaacs/npm/issues>\n* email:\n  <npm-@googlegroups.com>\n\nBe sure to include *all* of the output from the npm command that didn\'t work\nas expected.  The `npm-debug.log` file is also helpful to provide.\n\nYou can also look for isaacs in #node.js on irc://irc.freenode.net.  He\nwill no doubt tell you to put the output in a gist or email.\n\n## SEE ALSO\n\n* npm(1)\n* npm-faq(1)\n* npm-help(1)\n* npm-index(1)\n',
56 silly resolved     readmeFilename: 'README.md',
56 silly resolved     _id: 'npm@1.3.4',
56 silly resolved     _shasum: '1dacc91458f2197c362d774d2cbf111680f86ec2',
56 silly resolved     _from: 'npm@1.3.4',
56 silly resolved     _resolved: 'https://registry.npmjs.org/npm/-/npm-1.3.4.tgz' } ]
57 info install npm@1.3.4 into /usr/local/lib/node_modules/cordova/node_modules/plugman
58 info installOne npm@1.3.4
59 info /usr/local/lib/node_modules/generator-ionic/node_modules/cordova/node_modules/plugman/node_modules/npm unbuild
60 info preuninstall npm@1.3.4
61 info /usr/local/lib/node_modules/cordova/node_modules/plugman/node_modules/npm unbuild
62 info uninstall npm@1.3.4
63 verbose false,/usr/local/lib/node_modules,/usr/local/lib/node_modules/generator-ionic/node_modules/cordova/node_modules/plugman/node_modules unbuild npm@1.3.4
64 verbose /usr/local/lib/node_modules/generator-ionic/node_modules/cordova/node_modules/plugman/node_modules/.bin,[object Object] binRoot
65 info preuninstall npm@1.3.4
66 info postuninstall npm@1.3.4
67 info uninstall npm@1.3.4
68 verbose false,/usr/local/lib/node_modules,/usr/local/lib/node_modules/cordova/node_modules/plugman/node_modules unbuild npm@1.3.4
69 verbose /usr/local/lib/node_modules/cordova/node_modules/plugman/node_modules/.bin,[object Object] binRoot
70 info /usr/local/lib/node_modules/cordova/node_modules/plugman/node_modules/npm unbuild
71 info preuninstall npm@1.3.4
72 info uninstall npm@1.3.4
73 verbose false,/usr/local/lib/node_modules,/usr/local/lib/node_modules/cordova/node_modules/plugman/node_modules unbuild npm@1.3.4
74 verbose /usr/local/lib/node_modules/cordova/node_modules/plugman/node_modules/.bin,[object Object] binRoot
75 error error rolling back Error: EACCES, unlink '/usr/local/lib/node_modules/cordova/node_modules/plugman/node_modules/.bin/npm'
75 error error rolling back  npm@1.3.4 { [Error: EACCES, unlink '/usr/local/lib/node_modules/cordova/node_modules/plugman/node_modules/.bin/npm']
75 error error rolling back   errno: 3,
75 error error rolling back   code: 'EACCES',
75 error error rolling back   path: '/usr/local/lib/node_modules/cordova/node_modules/plugman/node_modules/.bin/npm' }
76 error Error: EACCES, unlink '/usr/local/lib/node_modules/cordova/node_modules/plugman/node_modules/.bin/npm'
76 error  { [Error: EACCES, unlink '/usr/local/lib/node_modules/cordova/node_modules/plugman/node_modules/.bin/npm']
76 error   errno: 3,
76 error   code: 'EACCES',
76 error   path: '/usr/local/lib/node_modules/cordova/node_modules/plugman/node_modules/.bin/npm' }
77 error Please try running this command again as root/Administrator.
78 error System Darwin 13.1.0
79 error command "node" "/usr/local/bin/npm" "update" "npm" "-g" "--prefix" "/usr/local"
80 error cwd /Users/cmcnamara87/Sites/screenshot/screenshot-server
81 error node -v v0.10.29
82 error npm -v 1.4.9
83 error path /usr/local/lib/node_modules/cordova/node_modules/plugman/node_modules/.bin/npm
84 error code EACCES
85 error errno 3
86 error stack Error: EACCES, unlink '/usr/local/lib/node_modules/cordova/node_modules/plugman/node_modules/.bin/npm'
87 verbose exit [ 3, true ]
